INFO:root:Started

INFO:root:  09:31:00
INFO:root:minute complete

INFO:root:  09:32:00
INFO:root:minute complete

INFO:root:  09:33:00
INFO:root:PA: signal to buy 81 shares, cash = 247.05
INFO:root:orders still awaiting fill: 1
INFO:root:orders still awaiting fill: 1
INFO:root:orders still awaiting fill: 1
INFO:root:orders still awaiting fill: 1
INFO:root:orders still awaiting fill: 1
INFO:root:orders still awaiting fill: 1
INFO:root:orders still awaiting fill: 1
INFO:root:minute complete

INFO:root:  09:34:00
INFO:root:orders still awaiting fill: 1
INFO:root:orders still awaiting fill: 1
INFO:root:orders still awaiting fill: 1
INFO:root:orders still awaiting fill: 1
INFO:root:order cancelled
INFO:root:orders still awaiting fill: 0
INFO:root:PA: signal to buy 82 shares, cash = 249.94
INFO:root:orders still awaiting fill: 1
INFO:root:orders still awaiting fill: 1
INFO:root:orders still awaiting fill: 1
INFO:root:orders still awaiting fill: 0
INFO:root:minute complete

INFO:root:  09:35:00
INFO:root:minute complete

INFO:root:  09:36:00
INFO:root:daily saved
INFO:root:minute complete

INFO:root:  09:37:00
INFO:root:PA: signal to buy 86 shares, cash = 248.8
INFO:root:orders still awaiting fill: 1
INFO:root:orders still awaiting fill: 1
INFO:root:orders still awaiting fill: 1
INFO:root:orders still awaiting fill: 1
INFO:root:orders still awaiting fill: 1
INFO:root:orders still awaiting fill: 1
INFO:root:orders still awaiting fill: 1
INFO:root:orders still awaiting fill: 1
INFO:root:orders still awaiting fill: 1
INFO:root:orders still awaiting fill: 0
INFO:root:daily saved
INFO:root:minute complete

INFO:root:  09:38:00
INFO:root:daily saved
INFO:root:minute complete

INFO:root:  09:39:00
INFO:root:daily saved
INFO:root:minute complete

INFO:root:  09:40:00
INFO:root:daily saved
INFO:root:minute complete

INFO:root:  09:41:00
INFO:root:daily saved
INFO:root:minute complete

INFO:root:  09:42:00
INFO:root:daily saved
INFO:root:minute complete

INFO:root:  09:43:00
INFO:root:daily saved
INFO:root:minute complete

INFO:root:  09:44:00
INFO:root:daily saved
INFO:root:minute complete

INFO:root:  09:45:00
INFO:root:PA: signal to sell 168.0 shares
INFO:root:orders still awaiting fill: 1
INFO:root:orders still awaiting fill: 1
INFO:root:orders still awaiting fill: 1
INFO:root:orders still awaiting fill: 1
INFO:root:orders still awaiting fill: 1
INFO:root:orders still awaiting fill: 1
INFO:root:orders still awaiting fill: 1
INFO:root:orders still awaiting fill: 1
INFO:root:orders still awaiting fill: 1
INFO:root:orders still awaiting fill: 1
INFO:root:orders still awaiting fill: 1
INFO:root:order cancelled
INFO:root:orders still awaiting fill: 0
INFO:root:PA: signal to sell 168.0 shares
INFO:root:orders still awaiting fill: 1
INFO:root:orders still awaiting fill: 1
INFO:root:orders still awaiting fill: 1
INFO:root:daily saved
INFO:root:orders still awaiting fill: 1
INFO:root:minute complete

INFO:root:  09:46:00
INFO:root:orders still awaiting fill: 1
INFO:root:orders still awaiting fill: 1
INFO:root:orders still awaiting fill: 1
INFO:root:orders still awaiting fill: 1
INFO:root:orders still awaiting fill: 1
INFO:root:orders still awaiting fill: 1
INFO:root:orders still awaiting fill: 1
INFO:root:order cancelled
INFO:root:orders still awaiting fill: 0
INFO:root:PA: signal to sell 168.0 shares
INFO:root:orders still awaiting fill: 1
INFO:root:orders still awaiting fill: 1
INFO:root:orders still awaiting fill: 1
INFO:root:orders still awaiting fill: 1
INFO:root:orders still awaiting fill: 1
INFO:root:orders still awaiting fill: 1
INFO:root:orders still awaiting fill: 1
INFO:root:orders still awaiting fill: 1
INFO:root:daily saved
INFO:root:orders still awaiting fill: 1
INFO:root:minute complete

INFO:root:  09:47:00
INFO:root:orders still awaiting fill: 1
INFO:root:orders still awaiting fill: 1
INFO:root:order cancelled
INFO:root:orders still awaiting fill: 0
INFO:root:PA: signal to sell 168.0 shares
INFO:root:orders still awaiting fill: 1
INFO:root:orders still awaiting fill: 1
INFO:root:orders still awaiting fill: 1
INFO:root:orders still awaiting fill: 1
INFO:root:orders still awaiting fill: 1
INFO:root:orders still awaiting fill: 1
INFO:root:orders still awaiting fill: 1
INFO:root:orders still awaiting fill: 1
INFO:root:orders still awaiting fill: 1
INFO:root:orders still awaiting fill: 1
INFO:root:orders still awaiting fill: 1
INFO:root:order cancelled
INFO:root:orders still awaiting fill: 0
INFO:root:PA: signal to sell 168.0 shares
INFO:root:orders still awaiting fill: 1
INFO:root:orders still awaiting fill: 1
INFO:root:orders still awaiting fill: 1
INFO:root:orders still awaiting fill: 1
INFO:root:orders still awaiting fill: 1
INFO:root:orders still awaiting fill: 1
INFO:root:orders still awaiting fill: 1
INFO:root:orders still awaiting fill: 1
INFO:root:orders still awaiting fill: 1
INFO:root:orders still awaiting fill: 1
INFO:root:orders still awaiting fill: 1
INFO:root:order cancelled
INFO:root:orders still awaiting fill: 0
INFO:root:daily saved
INFO:root:minute complete

INFO:root:  09:48:00
INFO:root:PA: signal to sell 168.0 shares
INFO:root:orders still awaiting fill: 1
INFO:root:orders still awaiting fill: 1
INFO:root:orders still awaiting fill: 1
INFO:root:orders still awaiting fill: 1
INFO:root:orders still awaiting fill: 1
INFO:root:orders still awaiting fill: 1
INFO:root:orders still awaiting fill: 1
INFO:root:orders still awaiting fill: 1
INFO:root:orders still awaiting fill: 1
INFO:root:orders still awaiting fill: 1
INFO:root:orders still awaiting fill: 1
INFO:root:order cancelled
INFO:root:orders still awaiting fill: 0
INFO:root:daily saved
INFO:root:minute complete

INFO:root:  09:49:00
INFO:root:daily saved
INFO:root:minute complete

INFO:root:  09:50:00
INFO:root:daily saved
INFO:root:minute complete

INFO:root:  09:51:00
INFO:root:daily saved
INFO:root:minute complete

INFO:root:  09:52:00
INFO:root:daily saved
INFO:root:minute complete

INFO:root:  09:53:00
INFO:root:daily saved
INFO:root:minute complete

INFO:root:  09:54:00
INFO:root:PA: signal to sell 168.0 shares
INFO:root:orders still awaiting fill: 1
INFO:root:orders still awaiting fill: 1
INFO:root:orders still awaiting fill: 1
INFO:root:orders still awaiting fill: 1
INFO:root:orders still awaiting fill: 1
INFO:root:orders still awaiting fill: 1
INFO:root:orders still awaiting fill: 1
INFO:root:orders still awaiting fill: 1
INFO:root:orders still awaiting fill: 1
INFO:root:orders still awaiting fill: 1
INFO:root:orders still awaiting fill: 1
INFO:root:order cancelled
INFO:root:orders still awaiting fill: 0
INFO:root:PA: signal to sell 168.0 shares
INFO:root:orders still awaiting fill: 1
INFO:root:orders still awaiting fill: 1
INFO:root:orders still awaiting fill: 1
INFO:root:orders still awaiting fill: 1
INFO:root:orders still awaiting fill: 1
INFO:root:orders still awaiting fill: 1
INFO:root:orders still awaiting fill: 1
INFO:root:orders still awaiting fill: 1
INFO:root:orders still awaiting fill: 1
INFO:root:orders still awaiting fill: 1
INFO:root:orders still awaiting fill: 1
INFO:root:order cancelled
INFO:root:orders still awaiting fill: 0
INFO:root:daily saved
INFO:root:PA: signal to sell 168.0 shares
INFO:root:orders still awaiting fill: 1
INFO:root:minute complete

INFO:root:  09:55:00
INFO:root:orders still awaiting fill: 1
INFO:root:orders still awaiting fill: 1
INFO:root:orders still awaiting fill: 1
INFO:root:orders still awaiting fill: 1
INFO:root:orders still awaiting fill: 1
INFO:root:orders still awaiting fill: 1
INFO:root:orders still awaiting fill: 1
INFO:root:orders still awaiting fill: 1
INFO:root:orders still awaiting fill: 1
INFO:root:orders still awaiting fill: 1
INFO:root:order cancelled
INFO:root:orders still awaiting fill: 0
INFO:root:PA: signal to sell 168.0 shares
INFO:root:orders still awaiting fill: 1
INFO:root:orders still awaiting fill: 1
INFO:root:orders still awaiting fill: 1
INFO:root:orders still awaiting fill: 1
INFO:root:orders still awaiting fill: 1
INFO:root:orders still awaiting fill: 1
INFO:root:orders still awaiting fill: 1
INFO:root:orders still awaiting fill: 1
INFO:root:orders still awaiting fill: 1
INFO:root:orders still awaiting fill: 1
INFO:root:orders still awaiting fill: 1
INFO:root:order cancelled
INFO:root:orders still awaiting fill: 0
INFO:root:daily saved
INFO:root:minute complete

INFO:root:  09:56:00
INFO:root:daily saved
INFO:root:minute complete

INFO:root:  09:57:00
INFO:root:daily saved
INFO:root:minute complete

INFO:root:  09:58:00
INFO:root:daily saved
INFO:root:minute complete

INFO:root:  09:59:00
INFO:root:daily saved
INFO:root:minute complete

INFO:root:  10:00:00
INFO:root:daily saved
INFO:root:minute complete

INFO:root:  10:01:00
INFO:root:PA: signal to sell 168.0 shares
INFO:root:orders still awaiting fill: 1
INFO:root:orders still awaiting fill: 1
INFO:root:orders still awaiting fill: 1
INFO:root:orders still awaiting fill: 1
INFO:root:orders still awaiting fill: 1
INFO:root:orders still awaiting fill: 1
INFO:root:orders still awaiting fill: 1
INFO:root:orders still awaiting fill: 1
INFO:root:TF: realized PL updated: 22.162580000000002 unreal : 0
INFO:root:orders still awaiting fill: 0
INFO:root:PA: signal to buy 82 shares, cash = 249.2
INFO:root:orders still awaiting fill: 1
INFO:root:orders still awaiting fill: 1
INFO:root:orders still awaiting fill: 1
INFO:root:orders still awaiting fill: 1
INFO:root:orders still awaiting fill: 1
INFO:root:orders still awaiting fill: 1
INFO:root:orders still awaiting fill: 1
INFO:root:orders still awaiting fill: 1
INFO:root:orders still awaiting fill: 1
INFO:root:orders still awaiting fill: 1
INFO:root:orders still awaiting fill: 1
INFO:root:order cancelled
INFO:root:orders still awaiting fill: 0
INFO:root:daily saved
INFO:root:minute complete

INFO:root:  10:02:00
INFO:root:PA: signal to buy 81 shares, cash = 247.54
INFO:root:orders still awaiting fill: 1
INFO:root:orders still awaiting fill: 1
INFO:root:orders still awaiting fill: 1
INFO:root:orders still awaiting fill: 1
INFO:root:orders still awaiting fill: 1
INFO:root:orders still awaiting fill: 1
INFO:root:orders still awaiting fill: 1
INFO:root:orders still awaiting fill: 1
INFO:root:orders still awaiting fill: 1
INFO:root:orders still awaiting fill: 0
INFO:root:PA: signal to buy 83 shares, cash = 245.76
INFO:root:orders still awaiting fill: 1
INFO:root:orders still awaiting fill: 1
INFO:root:orders still awaiting fill: 1
INFO:root:orders still awaiting fill: 1
INFO:root:orders still awaiting fill: 1
INFO:root:orders still awaiting fill: 1
INFO:root:orders still awaiting fill: 1
INFO:root:orders still awaiting fill: 0
INFO:root:PA: signal to buy 169 shares, cash = 492.63
INFO:root:orders still awaiting fill: 1
INFO:root:orders still awaiting fill: 1
INFO:root:orders still awaiting fill: 1
INFO:root:orders still awaiting fill: 1
INFO:root:orders still awaiting fill: 1
INFO:root:orders still awaiting fill: 1
INFO:root:orders still awaiting fill: 1
INFO:root:orders still awaiting fill: 1
INFO:root:orders still awaiting fill: 1
INFO:root:orders still awaiting fill: 1
INFO:root:orders still awaiting fill: 1
INFO:root:order cancelled
INFO:root:orders still awaiting fill: 0
INFO:root:daily saved
INFO:root:minute complete

INFO:root:  10:03:00
INFO:root:daily saved
INFO:root:minute complete

INFO:root:  10:04:00
INFO:root:daily saved
INFO:root:minute complete

INFO:root:  10:05:00
INFO:root:daily saved
INFO:root:minute complete

INFO:root:  10:06:00
INFO:root:daily saved
INFO:root:minute complete

INFO:root:  10:07:00
INFO:root:daily saved
INFO:root:minute complete

INFO:root:  10:08:00
INFO:root:daily saved
INFO:root:minute complete

INFO:root:  10:09:00
INFO:root:daily saved
INFO:root:minute complete

INFO:root:  10:10:00
INFO:root:daily saved
INFO:root:minute complete

INFO:root:  10:11:00
INFO:root:daily saved
INFO:root:minute complete

INFO:root:  10:12:00
INFO:root:PA: signal to sell 164.0 shares
INFO:root:orders still awaiting fill: 1
INFO:root:orders still awaiting fill: 1
INFO:root:orders still awaiting fill: 1
INFO:root:orders still awaiting fill: 1
INFO:root:orders still awaiting fill: 1
INFO:root:orders still awaiting fill: 1
INFO:root:orders still awaiting fill: 1
INFO:root:orders still awaiting fill: 1
INFO:root:TF: realized PL updated: 44.08506 unreal : 0
INFO:root:orders still awaiting fill: 0
INFO:root:daily saved
INFO:root:minute complete

INFO:root:  10:13:00
INFO:root:PA: signal to buy 79 shares, cash = 248.22
INFO:root:orders still awaiting fill: 1
INFO:root:orders still awaiting fill: 1
INFO:root:orders still awaiting fill: 1
INFO:root:orders still awaiting fill: 1
INFO:root:orders still awaiting fill: 1
INFO:root:orders still awaiting fill: 1
INFO:root:orders still awaiting fill: 1
INFO:root:orders still awaiting fill: 1
INFO:root:orders still awaiting fill: 0
INFO:root:daily saved
INFO:root:minute complete

INFO:root:  10:14:00
INFO:root:daily saved
INFO:root:minute complete

INFO:root:  10:15:00
INFO:root:daily saved
INFO:root:minute complete

INFO:root:  10:16:00
INFO:root:daily saved
INFO:root:minute complete

INFO:root:  10:17:00
INFO:root:daily saved
INFO:root:minute complete

INFO:root:  10:18:00
INFO:root:daily saved
INFO:root:minute complete

INFO:root:  10:19:00
INFO:root:PA: signal to sell 79.0 shares
INFO:root:orders still awaiting fill: 1
INFO:root:orders still awaiting fill: 1
INFO:root:orders still awaiting fill: 1
INFO:root:orders still awaiting fill: 1
INFO:root:orders still awaiting fill: 1
INFO:root:orders still awaiting fill: 1
INFO:root:orders still awaiting fill: 1
INFO:root:orders still awaiting fill: 1
INFO:root:orders still awaiting fill: 1
INFO:root:orders still awaiting fill: 1
INFO:root:orders still awaiting fill: 1
INFO:root:order cancelled
INFO:root:orders still awaiting fill: 0
INFO:root:daily saved
INFO:root:minute complete

INFO:root:  10:20:00
INFO:root:PA: signal to sell 79.0 shares
INFO:root:orders still awaiting fill: 1
INFO:root:orders still awaiting fill: 1
INFO:root:orders still awaiting fill: 1
INFO:root:orders still awaiting fill: 1
INFO:root:orders still awaiting fill: 1
INFO:root:orders still awaiting fill: 1
INFO:root:orders still awaiting fill: 1
INFO:root:orders still awaiting fill: 1
INFO:root:orders still awaiting fill: 1
INFO:root:orders still awaiting fill: 1
INFO:root:orders still awaiting fill: 1
INFO:root:order cancelled
INFO:root:orders still awaiting fill: 0
INFO:root:PA: signal to sell 79.0 shares
INFO:root:orders still awaiting fill: 1
INFO:root:orders still awaiting fill: 1
INFO:root:orders still awaiting fill: 1
INFO:root:orders still awaiting fill: 1
INFO:root:orders still awaiting fill: 1
INFO:root:orders still awaiting fill: 1
INFO:root:orders still awaiting fill: 1
INFO:root:orders still awaiting fill: 1
INFO:root:orders still awaiting fill: 1
INFO:root:orders still awaiting fill: 1
INFO:root:orders still awaiting fill: 1
INFO:root:order cancelled
INFO:root:orders still awaiting fill: 0
INFO:root:daily saved
INFO:root:minute complete

INFO:root:  10:21:00
INFO:root:daily saved
INFO:root:minute complete

INFO:root:  10:22:00
INFO:root:daily saved
INFO:root:minute complete

INFO:root:  10:23:00
INFO:root:daily saved
INFO:root:minute complete

INFO:root:  10:24:00
INFO:root:daily saved
INFO:root:minute complete

INFO:root:  10:25:00
INFO:root:daily saved
INFO:root:minute complete

INFO:root:  10:26:00
INFO:root:daily saved
INFO:root:minute complete

INFO:root:  10:27:00
INFO:root:PA: signal to buy 80 shares, cash = 245.36
INFO:root:orders still awaiting fill: 1
INFO:root:orders still awaiting fill: 1
INFO:root:orders still awaiting fill: 1
INFO:root:orders still awaiting fill: 1
INFO:root:orders still awaiting fill: 1
INFO:root:orders still awaiting fill: 1
INFO:root:orders still awaiting fill: 0
INFO:root:PA: signal to buy 163 shares, cash = 490.63
INFO:root:orders still awaiting fill: 1
INFO:root:orders still awaiting fill: 1
INFO:root:orders still awaiting fill: 1
INFO:root:orders still awaiting fill: 1
INFO:root:orders still awaiting fill: 1
INFO:root:orders still awaiting fill: 1
INFO:root:orders still awaiting fill: 1
INFO:root:orders still awaiting fill: 1
INFO:root:orders still awaiting fill: 1
INFO:root:orders still awaiting fill: 1
INFO:root:orders still awaiting fill: 1
INFO:root:order cancelled
INFO:root:orders still awaiting fill: 0
INFO:root:daily saved
INFO:root:minute complete

INFO:root:  10:28:00
INFO:root:daily saved
INFO:root:PA: signal to buy 165 shares, cash = 493.35
INFO:root:orders still awaiting fill: 1
INFO:root:minute complete

INFO:root:  10:29:00
INFO:root:orders still awaiting fill: 1
INFO:root:orders still awaiting fill: 1
INFO:root:orders still awaiting fill: 1
INFO:root:orders still awaiting fill: 1
INFO:root:orders still awaiting fill: 1
INFO:root:orders still awaiting fill: 1
INFO:root:orders still awaiting fill: 1
INFO:root:orders still awaiting fill: 1
INFO:root:orders still awaiting fill: 1
INFO:root:orders still awaiting fill: 1
INFO:root:order cancelled
INFO:root:orders still awaiting fill: 0
INFO:root:PA: signal to buy 165 shares, cash = 491.86
INFO:root:orders still awaiting fill: 1
INFO:root:orders still awaiting fill: 1
INFO:root:orders still awaiting fill: 1
INFO:root:orders still awaiting fill: 1
INFO:root:orders still awaiting fill: 1
INFO:root:orders still awaiting fill: 1
INFO:root:orders still awaiting fill: 1
INFO:root:orders still awaiting fill: 1
INFO:root:orders still awaiting fill: 1
INFO:root:orders still awaiting fill: 1
INFO:root:orders still awaiting fill: 1
INFO:root:order cancelled
INFO:root:orders still awaiting fill: 0
INFO:root:PA: signal to buy 166 shares, cash = 492.85
INFO:root:orders still awaiting fill: 1
INFO:root:orders still awaiting fill: 1
INFO:root:orders still awaiting fill: 1
INFO:root:orders still awaiting fill: 1
INFO:root:orders still awaiting fill: 1
INFO:root:orders still awaiting fill: 1
INFO:root:orders still awaiting fill: 1
INFO:root:orders still awaiting fill: 1
INFO:root:orders still awaiting fill: 1
INFO:root:orders still awaiting fill: 1
INFO:root:orders still awaiting fill: 1
INFO:root:order cancelled
INFO:root:orders still awaiting fill: 0
INFO:root:PA: signal to buy 166 shares, cash = 491.86
INFO:root:orders still awaiting fill: 1
INFO:root:orders still awaiting fill: 1
INFO:root:orders still awaiting fill: 1
INFO:root:orders still awaiting fill: 1
INFO:root:orders still awaiting fill: 1
INFO:root:orders still awaiting fill: 1
INFO:root:orders still awaiting fill: 1
INFO:root:orders still awaiting fill: 1
INFO:root:orders still awaiting fill: 1
INFO:root:orders still awaiting fill: 1
INFO:root:orders still awaiting fill: 1
INFO:root:order cancelled
INFO:root:orders still awaiting fill: 0
INFO:root:PA: signal to buy 165 shares, cash = 490.88
INFO:root:orders still awaiting fill: 1
INFO:root:orders still awaiting fill: 1
INFO:root:orders still awaiting fill: 1
INFO:root:orders still awaiting fill: 1
INFO:root:orders still awaiting fill: 1
INFO:root:orders still awaiting fill: 1
INFO:root:orders still awaiting fill: 1
INFO:root:orders still awaiting fill: 1
INFO:root:orders still awaiting fill: 1
INFO:root:orders still awaiting fill: 1
INFO:root:orders still awaiting fill: 1
INFO:root:order cancelled
INFO:root:orders still awaiting fill: 0
INFO:root:daily saved
INFO:root:PA: signal to buy 164 shares, cash = 491.84
INFO:root:orders still awaiting fill: 1
INFO:root:minute complete

INFO:root:  10:30:00
INFO:root:orders still awaiting fill: 1
INFO:root:orders still awaiting fill: 1
INFO:root:orders still awaiting fill: 1
INFO:root:orders still awaiting fill: 1
INFO:root:orders still awaiting fill: 1
INFO:root:orders still awaiting fill: 1
INFO:root:orders still awaiting fill: 1
INFO:root:orders still awaiting fill: 1
INFO:root:orders still awaiting fill: 1
INFO:root:orders still awaiting fill: 1
INFO:root:order cancelled
INFO:root:orders still awaiting fill: 0
INFO:root:PA: signal to buy 165 shares, cash = 490.88
INFO:root:orders still awaiting fill: 1
INFO:root:orders still awaiting fill: 1
INFO:root:orders still awaiting fill: 1
INFO:root:orders still awaiting fill: 1
INFO:root:orders still awaiting fill: 1
INFO:root:orders still awaiting fill: 1
INFO:root:orders still awaiting fill: 1
INFO:root:orders still awaiting fill: 1
INFO:root:daily saved
INFO:root:orders still awaiting fill: 1
INFO:root:minute complete

INFO:root:  10:31:00
INFO:root:orders still awaiting fill: 1
INFO:root:orders still awaiting fill: 1
INFO:root:order cancelled
INFO:root:orders still awaiting fill: 0
INFO:root:PA: signal to buy 165 shares, cash = 492.36
INFO:root:orders still awaiting fill: 1
INFO:root:orders still awaiting fill: 1
INFO:root:orders still awaiting fill: 1
INFO:root:orders still awaiting fill: 1
INFO:root:orders still awaiting fill: 1
INFO:root:orders still awaiting fill: 1
INFO:root:orders still awaiting fill: 1
INFO:root:orders still awaiting fill: 1
INFO:root:orders still awaiting fill: 1
INFO:root:orders still awaiting fill: 1
INFO:root:orders still awaiting fill: 1
INFO:root:order cancelled
INFO:root:orders still awaiting fill: 0
INFO:root:PA: signal to buy 166 shares, cash = 491.36
INFO:root:orders still awaiting fill: 1
INFO:root:orders still awaiting fill: 1
INFO:root:orders still awaiting fill: 1
INFO:root:orders still awaiting fill: 1
INFO:root:orders still awaiting fill: 1
INFO:root:orders still awaiting fill: 1
INFO:root:orders still awaiting fill: 1
INFO:root:orders still awaiting fill: 1
INFO:root:orders still awaiting fill: 1
INFO:root:orders still awaiting fill: 1
INFO:root:orders still awaiting fill: 1
INFO:root:order cancelled
INFO:root:orders still awaiting fill: 0
INFO:root:PA: signal to buy 165 shares, cash = 491.2
INFO:root:orders still awaiting fill: 1
INFO:root:orders still awaiting fill: 1
INFO:root:orders still awaiting fill: 1
INFO:root:orders still awaiting fill: 1
INFO:root:orders still awaiting fill: 1
INFO:root:orders still awaiting fill: 1
INFO:root:orders still awaiting fill: 1
INFO:root:orders still awaiting fill: 1
INFO:root:daily saved
INFO:root:orders still awaiting fill: 1
INFO:root:minute complete

INFO:root:  10:32:00
INFO:root:orders still awaiting fill: 1
INFO:root:orders still awaiting fill: 1
INFO:root:order cancelled
INFO:root:orders still awaiting fill: 0
INFO:root:PA: signal to buy 165 shares, cash = 491.2
INFO:root:orders still awaiting fill: 1
INFO:root:orders still awaiting fill: 1
INFO:root:orders still awaiting fill: 1
INFO:root:orders still awaiting fill: 1
INFO:root:orders still awaiting fill: 1
INFO:root:orders still awaiting fill: 1
INFO:root:orders still awaiting fill: 1
INFO:root:orders still awaiting fill: 1
INFO:root:orders still awaiting fill: 1
INFO:root:orders still awaiting fill: 1
INFO:root:orders still awaiting fill: 1
INFO:root:order cancelled
INFO:root:orders still awaiting fill: 0
INFO:root:daily saved
INFO:root:minute complete

INFO:root:  10:33:00
INFO:root:PA: signal to buy 165 shares, cash = 492.36
INFO:root:orders still awaiting fill: 1
INFO:root:orders still awaiting fill: 1
INFO:root:orders still awaiting fill: 1
INFO:root:orders still awaiting fill: 1
INFO:root:orders still awaiting fill: 1
INFO:root:orders still awaiting fill: 1
INFO:root:orders still awaiting fill: 1
INFO:root:orders still awaiting fill: 1
INFO:root:orders still awaiting fill: 1
INFO:root:orders still awaiting fill: 1
INFO:root:orders still awaiting fill: 1
INFO:root:order cancelled
INFO:root:orders still awaiting fill: 0
INFO:root:PA: signal to buy 166 shares, cash = 491.69
INFO:root:orders still awaiting fill: 1
INFO:root:orders still awaiting fill: 1
INFO:root:orders still awaiting fill: 1
INFO:root:orders still awaiting fill: 1
INFO:root:orders still awaiting fill: 1
INFO:root:orders still awaiting fill: 1
INFO:root:orders still awaiting fill: 1
INFO:root:orders still awaiting fill: 1
INFO:root:orders still awaiting fill: 1
INFO:root:orders still awaiting fill: 1
INFO:root:orders still awaiting fill: 1
INFO:root:order cancelled
INFO:root:orders still awaiting fill: 0
INFO:root:PA: signal to buy 165 shares, cash = 492.19
INFO:root:orders still awaiting fill: 1
INFO:root:orders still awaiting fill: 1
INFO:root:orders still awaiting fill: 1
INFO:root:orders still awaiting fill: 1
INFO:root:orders still awaiting fill: 1
INFO:root:orders still awaiting fill: 1
INFO:root:orders still awaiting fill: 1
INFO:root:orders still awaiting fill: 1
INFO:root:orders still awaiting fill: 1
INFO:root:orders still awaiting fill: 1
INFO:root:orders still awaiting fill: 1
INFO:root:order cancelled
INFO:root:orders still awaiting fill: 0
INFO:root:PA: signal to buy 165 shares, cash = 492.19
INFO:root:orders still awaiting fill: 1
INFO:root:orders still awaiting fill: 1
INFO:root:orders still awaiting fill: 1
INFO:root:orders still awaiting fill: 1
INFO:root:orders still awaiting fill: 1
INFO:root:orders still awaiting fill: 1
INFO:root:orders still awaiting fill: 1
INFO:root:orders still awaiting fill: 1
INFO:root:orders still awaiting fill: 1
INFO:root:orders still awaiting fill: 1
INFO:root:orders still awaiting fill: 1
INFO:root:order cancelled
INFO:root:orders still awaiting fill: 0
INFO:root:PA: signal to buy 166 shares, cash = 493.35
INFO:root:orders still awaiting fill: 1
INFO:root:daily saved
INFO:root:orders still awaiting fill: 1
INFO:root:minute complete

INFO:root:  10:34:00
INFO:root:orders still awaiting fill: 1
INFO:root:orders still awaiting fill: 1
INFO:root:orders still awaiting fill: 1
INFO:root:orders still awaiting fill: 1
INFO:root:orders still awaiting fill: 1
INFO:root:orders still awaiting fill: 1
INFO:root:orders still awaiting fill: 1
INFO:root:orders still awaiting fill: 0
INFO:root:PA: signal to buy 336 shares, cash = 986.83
INFO:root:orders still awaiting fill: 1
INFO:root:orders still awaiting fill: 1
INFO:root:orders still awaiting fill: 1
INFO:root:orders still awaiting fill: 1
INFO:root:orders still awaiting fill: 1
INFO:root:orders still awaiting fill: 1
INFO:root:orders still awaiting fill: 1
INFO:root:orders still awaiting fill: 1
INFO:root:orders still awaiting fill: 1
INFO:root:orders still awaiting fill: 1
INFO:root:orders still awaiting fill: 1
INFO:root:order cancelled
INFO:root:orders still awaiting fill: 0
INFO:root:PA: signal to buy 337 shares, cash = 984.71
INFO:root:orders still awaiting fill: 1
INFO:root:orders still awaiting fill: 1
INFO:root:orders still awaiting fill: 1
INFO:root:orders still awaiting fill: 1
INFO:root:orders still awaiting fill: 1
INFO:root:orders still awaiting fill: 1
INFO:root:orders still awaiting fill: 1
INFO:root:orders still awaiting fill: 1
INFO:root:orders still awaiting fill: 1
INFO:root:orders still awaiting fill: 1
INFO:root:orders still awaiting fill: 1
INFO:root:order cancelled
INFO:root:orders still awaiting fill: 0
INFO:root:PA: signal to buy 336 shares, cash = 985.82
INFO:root:orders still awaiting fill: 1
INFO:root:orders still awaiting fill: 1
INFO:root:orders still awaiting fill: 1
INFO:root:orders still awaiting fill: 1
INFO:root:orders still awaiting fill: 1
INFO:root:orders still awaiting fill: 1
INFO:root:orders still awaiting fill: 1
INFO:root:orders still awaiting fill: 1
INFO:root:orders still awaiting fill: 1
INFO:root:orders still awaiting fill: 1
INFO:root:orders still awaiting fill: 1
INFO:root:order cancelled
INFO:root:orders still awaiting fill: 0
INFO:root:PA: signal to buy 335 shares, cash = 986.91
INFO:root:orders still awaiting fill: 1
INFO:root:orders still awaiting fill: 1
INFO:root:orders still awaiting fill: 1
INFO:root:orders still awaiting fill: 1
INFO:root:orders still awaiting fill: 1
INFO:root:orders still awaiting fill: 1
INFO:root:orders still awaiting fill: 1
INFO:root:orders still awaiting fill: 1
INFO:root:orders still awaiting fill: 1
INFO:root:orders still awaiting fill: 1
INFO:root:orders still awaiting fill: 1
INFO:root:order cancelled
INFO:root:orders still awaiting fill: 0
INFO:root:daily saved
INFO:root:minute complete

INFO:root:  10:35:00
INFO:root:PA: signal to buy 338 shares, cash = 986.62
INFO:root:orders still awaiting fill: 1
INFO:root:orders still awaiting fill: 1
INFO:root:orders still awaiting fill: 1
INFO:root:orders still awaiting fill: 1
INFO:root:orders still awaiting fill: 1
INFO:root:orders still awaiting fill: 1
INFO:root:orders still awaiting fill: 1
INFO:root:orders still awaiting fill: 1
INFO:root:daily saved
INFO:root:orders still awaiting fill: 1
INFO:root:minute complete

INFO:root:  10:36:00
INFO:root:orders still awaiting fill: 1
INFO:root:orders still awaiting fill: 1
INFO:root:order cancelled
INFO:root:orders still awaiting fill: 0
INFO:root:PA: signal to buy 336 shares, cash = 985.15
INFO:root:orders still awaiting fill: 1
INFO:root:orders still awaiting fill: 1
INFO:root:orders still awaiting fill: 1
INFO:root:orders still awaiting fill: 1
INFO:root:orders still awaiting fill: 1
INFO:root:orders still awaiting fill: 1
INFO:root:orders still awaiting fill: 1
INFO:root:orders still awaiting fill: 1
INFO:root:orders still awaiting fill: 1
INFO:root:orders still awaiting fill: 1
INFO:root:orders still awaiting fill: 1
INFO:root:order cancelled
INFO:root:orders still awaiting fill: 0
INFO:root:PA: signal to buy 337 shares, cash = 986.4
INFO:root:orders still awaiting fill: 1
INFO:root:orders still awaiting fill: 1
INFO:root:orders still awaiting fill: 1
INFO:root:orders still awaiting fill: 1
INFO:root:orders still awaiting fill: 1
INFO:root:orders still awaiting fill: 1
INFO:root:orders still awaiting fill: 1
INFO:root:orders still awaiting fill: 1
INFO:root:orders still awaiting fill: 1
INFO:root:orders still awaiting fill: 1
INFO:root:orders still awaiting fill: 1
INFO:root:order cancelled
INFO:root:orders still awaiting fill: 0
INFO:root:PA: signal to buy 335 shares, cash = 984.9
INFO:root:orders still awaiting fill: 1
INFO:root:orders still awaiting fill: 1
INFO:root:orders still awaiting fill: 1
INFO:root:orders still awaiting fill: 1
INFO:root:orders still awaiting fill: 1
INFO:root:orders still awaiting fill: 1
INFO:root:orders still awaiting fill: 1
INFO:root:orders still awaiting fill: 1
INFO:root:orders still awaiting fill: 1
INFO:root:orders still awaiting fill: 1
INFO:root:orders still awaiting fill: 1
INFO:root:order cancelled
INFO:root:orders still awaiting fill: 0
INFO:root:PA: signal to buy 337 shares, cash = 985.72
INFO:root:orders still awaiting fill: 1
INFO:root:orders still awaiting fill: 1
INFO:root:orders still awaiting fill: 1
INFO:root:orders still awaiting fill: 1
INFO:root:orders still awaiting fill: 1
INFO:root:daily saved
INFO:root:orders still awaiting fill: 1
INFO:root:minute complete

INFO:root:  10:37:00
INFO:root:orders still awaiting fill: 1
INFO:root:orders still awaiting fill: 1
INFO:root:orders still awaiting fill: 1
INFO:root:orders still awaiting fill: 1
INFO:root:orders still awaiting fill: 1
INFO:root:order cancelled
INFO:root:orders still awaiting fill: 0
INFO:root:daily saved
INFO:root:minute complete

INFO:root:  10:38:00
INFO:root:PA: signal to buy 336 shares, cash = 985.15
INFO:root:orders still awaiting fill: 1
INFO:root:orders still awaiting fill: 1
INFO:root:orders still awaiting fill: 1
INFO:root:orders still awaiting fill: 1
INFO:root:orders still awaiting fill: 1
INFO:root:orders still awaiting fill: 1
INFO:root:orders still awaiting fill: 1
INFO:root:orders still awaiting fill: 1
INFO:root:orders still awaiting fill: 1
INFO:root:orders still awaiting fill: 1
INFO:root:orders still awaiting fill: 1
INFO:root:order cancelled
INFO:root:orders still awaiting fill: 0
INFO:root:PA: signal to buy 337 shares, cash = 985.72
INFO:root:orders still awaiting fill: 1
INFO:root:orders still awaiting fill: 1
INFO:root:orders still awaiting fill: 1
INFO:root:orders still awaiting fill: 1
INFO:root:orders still awaiting fill: 1
INFO:root:orders still awaiting fill: 1
INFO:root:orders still awaiting fill: 1
INFO:root:orders still awaiting fill: 1
INFO:root:orders still awaiting fill: 1
INFO:root:orders still awaiting fill: 1
INFO:root:orders still awaiting fill: 1
INFO:root:order cancelled
INFO:root:orders still awaiting fill: 0
INFO:root:PA: signal to buy 336 shares, cash = 985.15
INFO:root:orders still awaiting fill: 1
INFO:root:orders still awaiting fill: 1
INFO:root:daily saved
INFO:root:orders still awaiting fill: 1
INFO:root:minute complete

INFO:root:  10:39:00
INFO:root:orders still awaiting fill: 1
INFO:root:orders still awaiting fill: 1
INFO:root:orders still awaiting fill: 1
INFO:root:orders still awaiting fill: 1
INFO:root:orders still awaiting fill: 1
INFO:root:orders still awaiting fill: 1
INFO:root:orders still awaiting fill: 1
INFO:root:orders still awaiting fill: 1
INFO:root:order cancelled
INFO:root:orders still awaiting fill: 0
INFO:root:PA: signal to buy 336 shares, cash = 985.82
INFO:root:orders still awaiting fill: 1
INFO:root:orders still awaiting fill: 1
INFO:root:orders still awaiting fill: 1
INFO:root:orders still awaiting fill: 1
INFO:root:orders still awaiting fill: 1
INFO:root:orders still awaiting fill: 1
INFO:root:orders still awaiting fill: 1
INFO:root:orders still awaiting fill: 1
INFO:root:orders still awaiting fill: 1
INFO:root:orders still awaiting fill: 1
INFO:root:orders still awaiting fill: 1
INFO:root:order cancelled
INFO:root:orders still awaiting fill: 0
INFO:root:PA: signal to buy 337 shares, cash = 984.71
INFO:root:orders still awaiting fill: 1
INFO:root:orders still awaiting fill: 1
INFO:root:orders still awaiting fill: 1
INFO:root:orders still awaiting fill: 1
INFO:root:orders still awaiting fill: 1
INFO:root:orders still awaiting fill: 1
INFO:root:orders still awaiting fill: 1
INFO:root:orders still awaiting fill: 1
INFO:root:orders still awaiting fill: 1
INFO:root:orders still awaiting fill: 1
INFO:root:orders still awaiting fill: 1
INFO:root:order cancelled
INFO:root:orders still awaiting fill: 0
INFO:root:PA: signal to buy 338 shares, cash = 984.93
INFO:root:orders still awaiting fill: 1
INFO:root:orders still awaiting fill: 1
INFO:root:orders still awaiting fill: 1
INFO:root:orders still awaiting fill: 1
INFO:root:orders still awaiting fill: 1
INFO:root:orders still awaiting fill: 1
INFO:root:orders still awaiting fill: 1
INFO:root:orders still awaiting fill: 1
INFO:root:orders still awaiting fill: 1
INFO:root:orders still awaiting fill: 1
INFO:root:orders still awaiting fill: 1
INFO:root:order cancelled
INFO:root:orders still awaiting fill: 0
INFO:root:PA: signal to buy 335 shares, cash = 984.57
INFO:root:orders still awaiting fill: 1
INFO:root:orders still awaiting fill: 1
INFO:root:orders still awaiting fill: 1
INFO:root:orders still awaiting fill: 1
INFO:root:orders still awaiting fill: 1
INFO:root:orders still awaiting fill: 1
INFO:root:orders still awaiting fill: 1
INFO:root:orders still awaiting fill: 1
INFO:root:orders still awaiting fill: 1
INFO:root:orders still awaiting fill: 1
INFO:root:orders still awaiting fill: 1
INFO:root:order cancelled
INFO:root:orders still awaiting fill: 0
INFO:root:daily saved
INFO:root:PA: signal to buy 338 shares, cash = 986.28
INFO:root:orders still awaiting fill: 1
INFO:root:minute complete

INFO:root:  10:40:00
INFO:root:orders still awaiting fill: 1
INFO:root:orders still awaiting fill: 1
INFO:root:orders still awaiting fill: 1
INFO:root:orders still awaiting fill: 1
INFO:root:orders still awaiting fill: 1
INFO:root:orders still awaiting fill: 1
INFO:root:orders still awaiting fill: 1
INFO:root:orders still awaiting fill: 0
INFO:root:PA: signal to buy 686 shares, cash = 1972.25
INFO:root:orders still awaiting fill: 1
INFO:root:orders still awaiting fill: 1
INFO:root:orders still awaiting fill: 1
INFO:root:orders still awaiting fill: 1
INFO:root:orders still awaiting fill: 0
INFO:root:PA: signal to buy 1394 shares, cash = 3945.02
INFO:root:orders still awaiting fill: 1
INFO:root:orders still awaiting fill: 1
INFO:root:orders still awaiting fill: 1
INFO:root:orders still awaiting fill: 1
INFO:root:orders still awaiting fill: 1
INFO:root:orders still awaiting fill: 1
INFO:root:orders still awaiting fill: 1
INFO:root:orders still awaiting fill: 1
INFO:root:orders still awaiting fill: 1
INFO:root:orders still awaiting fill: 1
INFO:root:orders still awaiting fill: 1
INFO:root:order cancelled
INFO:root:orders still awaiting fill: 0
INFO:root:PA: signal to buy 1379 shares, cash = 3945.32
INFO:root:orders still awaiting fill: 1
INFO:root:orders still awaiting fill: 1
INFO:root:orders still awaiting fill: 1
INFO:root:orders still awaiting fill: 1
INFO:root:orders still awaiting fill: 1
INFO:root:orders still awaiting fill: 1
INFO:root:orders still awaiting fill: 1
INFO:root:orders still awaiting fill: 1
INFO:root:orders still awaiting fill: 1
INFO:root:orders still awaiting fill: 1
INFO:root:orders still awaiting fill: 1
INFO:root:order cancelled
INFO:root:orders still awaiting fill: 0
INFO:root:daily saved
INFO:root:minute complete

INFO:root:  10:41:00
INFO:root:daily saved
INFO:root:minute complete

INFO:root:  10:42:00
INFO:root:PA: signal to buy 1376 shares, cash = 3943.62
INFO:root:orders still awaiting fill: 1
INFO:root:orders still awaiting fill: 1
INFO:root:orders still awaiting fill: 1
INFO:root:orders still awaiting fill: 1
INFO:root:orders still awaiting fill: 1
INFO:root:orders still awaiting fill: 1
INFO:root:orders still awaiting fill: 1
INFO:root:orders still awaiting fill: 1
INFO:root:orders still awaiting fill: 1
INFO:root:daily saved
INFO:root:orders still awaiting fill: 1
INFO:root:minute complete

INFO:root:  10:43:00
INFO:root:orders still awaiting fill: 1
INFO:root:order cancelled
INFO:root:orders still awaiting fill: 0
INFO:root:daily saved
INFO:root:minute complete

INFO:root:  10:44:00
INFO:root:daily saved
INFO:root:minute complete

INFO:root:  10:45:00
INFO:root:daily saved
INFO:root:minute complete

INFO:root:  10:46:00
INFO:root:daily saved
INFO:root:minute complete

INFO:root:  10:47:00
INFO:root:daily saved
INFO:root:minute complete

INFO:root:  10:48:00
INFO:root:daily saved
INFO:root:minute complete

INFO:root:  10:49:00
INFO:root:daily saved
INFO:root:minute complete

INFO:root:  10:50:00
INFO:root:PA: signal to buy 1377 shares, cash = 3945.11
INFO:root:orders still awaiting fill: 1
INFO:root:orders still awaiting fill: 1
INFO:root:orders still awaiting fill: 1
INFO:root:orders still awaiting fill: 1
INFO:root:orders still awaiting fill: 1
INFO:root:orders still awaiting fill: 1
INFO:root:orders still awaiting fill: 1
INFO:root:orders still awaiting fill: 1
INFO:root:orders still awaiting fill: 1
INFO:root:orders still awaiting fill: 1
INFO:root:orders still awaiting fill: 1
INFO:root:order cancelled
INFO:root:orders still awaiting fill: 0
INFO:root:PA: signal to buy 1377 shares, cash = 3945.11
INFO:root:orders still awaiting fill: 1
INFO:root:orders still awaiting fill: 1
INFO:root:orders still awaiting fill: 1
INFO:root:orders still awaiting fill: 1
INFO:root:orders still awaiting fill: 1
INFO:root:orders still awaiting fill: 1
INFO:root:orders still awaiting fill: 1
INFO:root:orders still awaiting fill: 1
INFO:root:orders still awaiting fill: 1
INFO:root:orders still awaiting fill: 1
INFO:root:orders still awaiting fill: 1
INFO:root:order cancelled
INFO:root:orders still awaiting fill: 0
INFO:root:daily saved
INFO:root:minute complete

INFO:root:  10:51:00
INFO:root:PA: signal to buy 1376 shares, cash = 3943.62
INFO:root:orders still awaiting fill: 1
INFO:root:orders still awaiting fill: 1
INFO:root:orders still awaiting fill: 1
INFO:root:orders still awaiting fill: 1
INFO:root:orders still awaiting fill: 1
INFO:root:orders still awaiting fill: 1
INFO:root:orders still awaiting fill: 1
INFO:root:daily saved
INFO:root:orders still awaiting fill: 1
INFO:root:minute complete

INFO:root:  10:52:00
INFO:root:orders still awaiting fill: 1
INFO:root:orders still awaiting fill: 1
INFO:root:orders still awaiting fill: 1
INFO:root:order cancelled
INFO:root:orders still awaiting fill: 0
INFO:root:daily saved
INFO:root:minute complete

INFO:root:  10:53:00
INFO:root:daily saved
INFO:root:minute complete

INFO:root:  10:54:00
INFO:root:daily saved
INFO:root:minute complete

INFO:root:  10:55:00
INFO:root:daily saved
INFO:root:minute complete

INFO:root:  10:56:00
INFO:root:daily saved
INFO:root:minute complete

INFO:root:  10:57:00
INFO:root:daily saved
INFO:root:minute complete

INFO:root:  10:58:00
INFO:root:daily saved
INFO:root:minute complete

INFO:root:  10:59:00
INFO:root:daily saved
INFO:root:minute complete

INFO:root:  11:00:00
INFO:root:PS: Sell to Stop...
INFO:root:PA: signal to sell 1349.0 shares
INFO:root:orders still awaiting fill: 1
INFO:root:orders still awaiting fill: 1
INFO:root:orders still awaiting fill: 1
INFO:root:orders still awaiting fill: 1
INFO:root:orders still awaiting fill: 1
INFO:root:orders still awaiting fill: 1
INFO:root:orders still awaiting fill: 1
INFO:root:orders still awaiting fill: 1
INFO:root:orders still awaiting fill: 1
INFO:root:orders still awaiting fill: 1
INFO:root:orders still awaiting fill: 1
INFO:root:order cancelled
INFO:root:orders still awaiting fill: 0
INFO:root:minute complete

INFO:root:  11:01:00
INFO:root:minute complete

INFO:root:  11:02:00
INFO:root:minute complete

INFO:root:  11:03:00
INFO:root:minute complete

INFO:root:  11:04:00
INFO:root:minute complete

INFO:root:  11:05:00
INFO:root:minute complete

